# JRE version: Java(TM) SE Runtime Environment (8.0_211-b12) (build 1.8.0_211-b12)
# Java VM: Java HotSpot(TM) 64-Bit Server VM (25.211-b12 mixed mode windows-amd64 compressed oops)
Heap:
 PSYoungGen      total 38400K, used 29024K [0x00000000d5f80000, 0x00000000daa80000, 0x0000000100000000)
  eden space 33280K, 87% used [0x00000000d5f80000,0x00000000d7bd8258,0x00000000d8000000)
  from space 5120K, 0% used [0x00000000d8500000,0x00000000d8500000,0x00000000d8a00000)
  to   space 5120K, 0% used [0x00000000d8000000,0x00000000d8000000,0x00000000d8500000)
 ParOldGen       total 83968K, used 16744K [0x0000000081e00000, 0x0000000087000000, 0x00000000d5f80000)
  object space 83968K, 19% used [0x0000000081e00000,0x0000000082e5a048,0x0000000087000000)
 Metaspace       used 22030K, capacity 23450K, committed 23680K, reserved 1069056K
  class space    used 3143K, capacity 3420K, committed 3456K, reserved 1048576K
GC Heap History (6 events):
Event: 0.834 GC heap before
{Heap before GC invocations=1 (full 0):
 PSYoungGen      total 38400K, used 33280K [0x00000000d5f80000, 0x00000000d8a00000, 0x0000000100000000)
  eden space 33280K, 100% used [0x00000000d5f80000,0x00000000d8000000,0x00000000d8000000)
  from space 5120K, 0% used [0x00000000d8500000,0x00000000d8500000,0x00000000d8a00000)
  to   space 5120K, 0% used [0x00000000d8000000,0x00000000d8000000,0x00000000d8500000)
 ParOldGen       total 87552K, used 0K [0x0000000081e00000, 0x0000000087380000, 0x00000000d5f80000)
  object space 87552K, 0% used [0x0000000081e00000,0x0000000081e00000,0x0000000087380000)
 Metaspace       used 15207K, capacity 15778K, committed 16000K, reserved 1062912K
  class space    used 1971K, capacity 2120K, committed 2176K, reserved 1048576K
Event: 0.838 GC heap after
Heap after GC invocations=1 (full 0):
 PSYoungGen      total 38400K, used 5093K [0x00000000d5f80000, 0x00000000d8a00000, 0x0000000100000000)
  eden space 33280K, 0% used [0x00000000d5f80000,0x00000000d5f80000,0x00000000d8000000)
  from space 5120K, 99% used [0x00000000d8000000,0x00000000d84f96f8,0x00000000d8500000)
  to   space 5120K, 0% used [0x00000000d8500000,0x00000000d8500000,0x00000000d8a00000)
 ParOldGen       total 87552K, used 4020K [0x0000000081e00000, 0x0000000087380000, 0x00000000d5f80000)
  object space 87552K, 4% used [0x0000000081e00000,0x00000000821ed1a0,0x0000000087380000)
 Metaspace       used 15207K, capacity 15778K, committed 16000K, reserved 1062912K
  class space    used 1971K, capacity 2120K, committed 2176K, reserved 1048576K
}
Event: 1.234 GC heap before
{Heap before GC invocations=2 (full 0):
 PSYoungGen      total 38400K, used 28899K [0x00000000d5f80000, 0x00000000d8a00000, 0x0000000100000000)
  eden space 33280K, 71% used [0x00000000d5f80000,0x00000000d76bf648,0x00000000d8000000)
  from space 5120K, 99% used [0x00000000d8000000,0x00000000d84f96f8,0x00000000d8500000)
  to   space 5120K, 0% used [0x00000000d8500000,0x00000000d8500000,0x00000000d8a00000)
 ParOldGen       total 87552K, used 4020K [0x0000000081e00000, 0x0000000087380000, 0x00000000d5f80000)
  object space 87552K, 4% used [0x0000000081e00000,0x00000000821ed1a0,0x0000000087380000)
 Metaspace       used 20115K, capacity 21218K, committed 21296K, reserved 1067008K
  class space    used 2914K, capacity 3158K, committed 3200K, reserved 1048576K
Event: 1.242 GC heap after
Heap after GC invocations=2 (full 0):
 PSYoungGen      total 38400K, used 5088K [0x00000000d5f80000, 0x00000000daa80000, 0x0000000100000000)
  eden space 33280K, 0% used [0x00000000d5f80000,0x00000000d5f80000,0x00000000d8000000)
  from space 5120K, 99% used [0x00000000d8500000,0x00000000d89f8090,0x00000000d8a00000)
  to   space 5120K, 0% used [0x00000000d8000000,0x00000000d8000000,0x00000000d8500000)
 ParOldGen       total 87552K, used 12333K [0x0000000081e00000, 0x0000000087380000, 0x00000000d5f80000)
  object space 87552K, 14% used [0x0000000081e00000,0x0000000082a0b620,0x0000000087380000)
 Metaspace       used 20115K, capacity 21218K, committed 21296K, reserved 1067008K
  class space    used 2914K, capacity 3158K, committed 3200K, reserved 1048576K
}
Event: 1.242 GC heap before
{Heap before GC invocations=3 (full 1):
 PSYoungGen      total 38400K, used 5088K [0x00000000d5f80000, 0x00000000daa80000, 0x0000000100000000)
  eden space 33280K, 0% used [0x00000000d5f80000,0x00000000d5f80000,0x00000000d8000000)
  from space 5120K, 99% used [0x00000000d8500000,0x00000000d89f8090,0x00000000d8a00000)
  to   space 5120K, 0% used [0x00000000d8000000,0x00000000d8000000,0x00000000d8500000)
 ParOldGen       total 87552K, used 12333K [0x0000000081e00000, 0x0000000087380000, 0x00000000d5f80000)
  object space 87552K, 14% used [0x0000000081e00000,0x0000000082a0b620,0x0000000087380000)
 Metaspace       used 20115K, capacity 21218K, committed 21296K, reserved 1067008K
  class space    used 2914K, capacity 3158K, committed 3200K, reserved 1048576K
Event: 1.278 GC heap after
Heap after GC invocations=3 (full 1):
 PSYoungGen      total 38400K, used 0K [0x00000000d5f80000, 0x00000000daa80000, 0x0000000100000000)
  eden space 33280K, 0% used [0x00000000d5f80000,0x00000000d5f80000,0x00000000d8000000)
  from space 5120K, 0% used [0x00000000d8500000,0x00000000d8500000,0x00000000d8a00000)
  to   space 5120K, 0% used [0x00000000d8000000,0x00000000d8000000,0x00000000d8500000)
 ParOldGen       total 83968K, used 16744K [0x0000000081e00000, 0x0000000087000000, 0x00000000d5f80000)
  object space 83968K, 19% used [0x0000000081e00000,0x0000000082e5a048,0x0000000087000000)
 Metaspace       used 20115K, capacity 21218K, committed 21296K, reserved 1067008K
  class space    used 2914K, capacity 3158K, committed 3200K, reserved 1048576K
}

