# JRE version: Java(TM) SE Runtime Environment (8.0_211-b12) (build 1.8.0_211-b12)
# Java VM: Java HotSpot(TM) 64-Bit Server VM (25.211-b12 mixed mode windows-amd64 compressed oops)
Heap:
 PSYoungGen      total 38400K, used 16510K [0x00000000d5f80000, 0x00000000d8f80000, 0x0000000100000000)
  eden space 33280K, 34% used [0x00000000d5f80000,0x00000000d6aa78a0,0x00000000d8000000)
  from space 5120K, 99% used [0x00000000d8000000,0x00000000d84f8010,0x00000000d8500000)
  to   space 5120K, 0% used [0x00000000d8a80000,0x00000000d8a80000,0x00000000d8f80000)
 ParOldGen       total 71168K, used 14061K [0x0000000081e00000, 0x0000000086380000, 0x00000000d5f80000)
  object space 71168K, 19% used [0x0000000081e00000,0x0000000082bbb678,0x0000000086380000)
 Metaspace       used 22817K, capacity 23966K, committed 24192K, reserved 1071104K
  class space    used 3152K, capacity 3412K, committed 3456K, reserved 1048576K
GC Heap History (8 events):
Event: 0.809 GC heap before
{Heap before GC invocations=1 (full 0):
 PSYoungGen      total 38400K, used 33280K [0x00000000d5f80000, 0x00000000d8a00000, 0x0000000100000000)
  eden space 33280K, 100% used [0x00000000d5f80000,0x00000000d8000000,0x00000000d8000000)
  from space 5120K, 0% used [0x00000000d8500000,0x00000000d8500000,0x00000000d8a00000)
  to   space 5120K, 0% used [0x00000000d8000000,0x00000000d8000000,0x00000000d8500000)
 ParOldGen       total 87552K, used 0K [0x0000000081e00000, 0x0000000087380000, 0x00000000d5f80000)
  object space 87552K, 0% used [0x0000000081e00000,0x0000000081e00000,0x0000000087380000)
 Metaspace       used 16023K, capacity 16542K, committed 16640K, reserved 1062912K
  class space    used 2079K, capacity 2226K, committed 2304K, reserved 1048576K
Event: 0.813 GC heap after
Heap after GC invocations=1 (full 0):
 PSYoungGen      total 38400K, used 5088K [0x00000000d5f80000, 0x00000000d8a00000, 0x0000000100000000)
  eden space 33280K, 0% used [0x00000000d5f80000,0x00000000d5f80000,0x00000000d8000000)
  from space 5120K, 99% used [0x00000000d8000000,0x00000000d84f8090,0x00000000d8500000)
  to   space 5120K, 0% used [0x00000000d8500000,0x00000000d8500000,0x00000000d8a00000)
 ParOldGen       total 87552K, used 789K [0x0000000081e00000, 0x0000000087380000, 0x00000000d5f80000)
  object space 87552K, 0% used [0x0000000081e00000,0x0000000081ec5440,0x0000000087380000)
 Metaspace       used 16023K, capacity 16542K, committed 16640K, reserved 1062912K
  class space    used 2079K, capacity 2226K, committed 2304K, reserved 1048576K
}
Event: 1.213 GC heap before
{Heap before GC invocations=2 (full 0):
 PSYoungGen      total 38400K, used 23110K [0x00000000d5f80000, 0x00000000d8a00000, 0x0000000100000000)
  eden space 33280K, 54% used [0x00000000d5f80000,0x00000000d7119798,0x00000000d8000000)
  from space 5120K, 99% used [0x00000000d8000000,0x00000000d84f8090,0x00000000d8500000)
  to   space 5120K, 0% used [0x00000000d8500000,0x00000000d8500000,0x00000000d8a00000)
 ParOldGen       total 87552K, used 789K [0x0000000081e00000, 0x0000000087380000, 0x00000000d5f80000)
  object space 87552K, 0% used [0x0000000081e00000,0x0000000081ec5440,0x0000000087380000)
 Metaspace       used 20071K, capacity 21190K, committed 21296K, reserved 1067008K
  class space    used 2854K, capacity 3122K, committed 3200K, reserved 1048576K
Event: 1.219 GC heap after
Heap after GC invocations=2 (full 0):
 PSYoungGen      total 38400K, used 5104K [0x00000000d5f80000, 0x00000000d8a00000, 0x0000000100000000)
  eden space 33280K, 0% used [0x00000000d5f80000,0x00000000d5f80000,0x00000000d8000000)
  from space 5120K, 99% used [0x00000000d8500000,0x00000000d89fc080,0x00000000d8a00000)
  to   space 5120K, 0% used [0x00000000d8000000,0x00000000d8000000,0x00000000d8500000)
 ParOldGen       total 87552K, used 3831K [0x0000000081e00000, 0x0000000087380000, 0x00000000d5f80000)
  object space 87552K, 4% used [0x0000000081e00000,0x00000000821bdec0,0x0000000087380000)
 Metaspace       used 20071K, capacity 21190K, committed 21296K, reserved 1067008K
  class space    used 2854K, capacity 3122K, committed 3200K, reserved 1048576K
}
Event: 1.219 GC heap before
{Heap before GC invocations=3 (full 1):
 PSYoungGen      total 38400K, used 5104K [0x00000000d5f80000, 0x00000000d8a00000, 0x0000000100000000)
  eden space 33280K, 0% used [0x00000000d5f80000,0x00000000d5f80000,0x00000000d8000000)
  from space 5120K, 99% used [0x00000000d8500000,0x00000000d89fc080,0x00000000d8a00000)
  to   space 5120K, 0% used [0x00000000d8000000,0x00000000d8000000,0x00000000d8500000)
 ParOldGen       total 87552K, used 3831K [0x0000000081e00000, 0x0000000087380000, 0x00000000d5f80000)
  object space 87552K, 4% used [0x0000000081e00000,0x00000000821bdec0,0x0000000087380000)
 Metaspace       used 20071K, capacity 21190K, committed 21296K, reserved 1067008K
  class space    used 2854K, capacity 3122K, committed 3200K, reserved 1048576K
Event: 1.260 GC heap after
Heap after GC invocations=3 (full 1):
 PSYoungGen      total 38400K, used 0K [0x00000000d5f80000, 0x00000000d8a00000, 0x0000000100000000)
  eden space 33280K, 0% used [0x00000000d5f80000,0x00000000d5f80000,0x00000000d8000000)
  from space 5120K, 0% used [0x00000000d8500000,0x00000000d8500000,0x00000000d8a00000)
  to   space 5120K, 0% used [0x00000000d8000000,0x00000000d8000000,0x00000000d8500000)
 ParOldGen       total 71168K, used 8015K [0x0000000081e00000, 0x0000000086380000, 0x00000000d5f80000)
  object space 71168K, 11% used [0x0000000081e00000,0x00000000825d3d70,0x0000000086380000)
 Metaspace       used 20071K, capacity 21190K, committed 21296K, reserved 1067008K
  class space    used 2854K, capacity 3122K, committed 3200K, reserved 1048576K
}
Event: 8.239 GC heap before
{Heap before GC invocations=4 (full 1):
 PSYoungGen      total 38400K, used 33280K [0x00000000d5f80000, 0x00000000d8a00000, 0x0000000100000000)
  eden space 33280K, 100% used [0x00000000d5f80000,0x00000000d8000000,0x00000000d8000000)
  from space 5120K, 0% used [0x00000000d8500000,0x00000000d8500000,0x00000000d8a00000)
  to   space 5120K, 0% used [0x00000000d8000000,0x00000000d8000000,0x00000000d8500000)
 ParOldGen       total 71168K, used 8015K [0x0000000081e00000, 0x0000000086380000, 0x00000000d5f80000)
  object space 71168K, 11% used [0x0000000081e00000,0x00000000825d3d70,0x0000000086380000)
 Metaspace       used 22230K, capacity 23396K, committed 23552K, reserved 1069056K
  class space    used 3063K, capacity 3301K, committed 3328K, reserved 1048576K
Event: 8.245 GC heap after
Heap after GC invocations=4 (full 1):
 PSYoungGen      total 38400K, used 5088K [0x00000000d5f80000, 0x00000000d8f80000, 0x0000000100000000)
  eden space 33280K, 0% used [0x00000000d5f80000,0x00000000d5f80000,0x00000000d8000000)
  from space 5120K, 99% used [0x00000000d8000000,0x00000000d84f8010,0x00000000d8500000)
  to   space 5120K, 0% used [0x00000000d8a80000,0x00000000d8a80000,0x00000000d8f80000)
 ParOldGen       total 71168K, used 14061K [0x0000000081e00000, 0x0000000086380000, 0x00000000d5f80000)
  object space 71168K, 19% used [0x0000000081e00000,0x0000000082bbb678,0x0000000086380000)
 Metaspace       used 22230K, capacity 23396K, committed 23552K, reserved 1069056K
  class space    used 3063K, capacity 3301K, committed 3328K, reserved 1048576K
}

