# JRE version: Java(TM) SE Runtime Environment (8.0_211-b12) (build 1.8.0_211-b12)
# Java VM: Java HotSpot(TM) 64-Bit Server VM (25.211-b12 mixed mode windows-amd64 compressed oops)
Heap:
 PSYoungGen      total 38400K, used 18416K [0x00000000d5f80000, 0x00000000d8a00000, 0x0000000100000000)
  eden space 33280K, 55% used [0x00000000d5f80000,0x00000000d717c368,0x00000000d8000000)
  from space 5120K, 0% used [0x00000000d8500000,0x00000000d8500000,0x00000000d8a00000)
  to   space 5120K, 0% used [0x00000000d8000000,0x00000000d8000000,0x00000000d8500000)
 ParOldGen       total 89088K, used 17132K [0x0000000081e00000, 0x0000000087500000, 0x00000000d5f80000)
  object space 89088K, 19% used [0x0000000081e00000,0x0000000082ebb208,0x0000000087500000)
 Metaspace       used 22373K, capacity 23837K, committed 24064K, reserved 1069056K
  class space    used 3186K, capacity 3500K, committed 3584K, reserved 1048576K
GC Heap History (6 events):
Event: 0.777 GC heap before
{Heap before GC invocations=1 (full 0):
 PSYoungGen      total 38400K, used 33280K [0x00000000d5f80000, 0x00000000d8a00000, 0x0000000100000000)
  eden space 33280K, 100% used [0x00000000d5f80000,0x00000000d8000000,0x00000000d8000000)
  from space 5120K, 0% used [0x00000000d8500000,0x00000000d8500000,0x00000000d8a00000)
  to   space 5120K, 0% used [0x00000000d8000000,0x00000000d8000000,0x00000000d8500000)
 ParOldGen       total 87552K, used 0K [0x0000000081e00000, 0x0000000087380000, 0x00000000d5f80000)
  object space 87552K, 0% used [0x0000000081e00000,0x0000000081e00000,0x0000000087380000)
 Metaspace       used 15185K, capacity 15722K, committed 16000K, reserved 1062912K
  class space    used 1963K, capacity 2120K, committed 2176K, reserved 1048576K
Event: 0.782 GC heap after
Heap after GC invocations=1 (full 0):
 PSYoungGen      total 38400K, used 5113K [0x00000000d5f80000, 0x00000000d8a00000, 0x0000000100000000)
  eden space 33280K, 0% used [0x00000000d5f80000,0x00000000d5f80000,0x00000000d8000000)
  from space 5120K, 99% used [0x00000000d8000000,0x00000000d84fe4f0,0x00000000d8500000)
  to   space 5120K, 0% used [0x00000000d8500000,0x00000000d8500000,0x00000000d8a00000)
 ParOldGen       total 87552K, used 3938K [0x0000000081e00000, 0x0000000087380000, 0x00000000d5f80000)
  object space 87552K, 4% used [0x0000000081e00000,0x00000000821d88e0,0x0000000087380000)
 Metaspace       used 15185K, capacity 15722K, committed 16000K, reserved 1062912K
  class space    used 1963K, capacity 2120K, committed 2176K, reserved 1048576K
}
Event: 1.261 GC heap before
{Heap before GC invocations=2 (full 0):
 PSYoungGen      total 38400K, used 29233K [0x00000000d5f80000, 0x00000000d8a00000, 0x0000000100000000)
  eden space 33280K, 72% used [0x00000000d5f80000,0x00000000d770df10,0x00000000d8000000)
  from space 5120K, 99% used [0x00000000d8000000,0x00000000d84fe4f0,0x00000000d8500000)
  to   space 5120K, 0% used [0x00000000d8500000,0x00000000d8500000,0x00000000d8a00000)
 ParOldGen       total 87552K, used 3938K [0x0000000081e00000, 0x0000000087380000, 0x00000000d5f80000)
  object space 87552K, 4% used [0x0000000081e00000,0x00000000821d88e0,0x0000000087380000)
 Metaspace       used 20111K, capacity 21263K, committed 21296K, reserved 1067008K
  class space    used 2912K, capacity 3167K, committed 3200K, reserved 1048576K
Event: 1.267 GC heap after
Heap after GC invocations=2 (full 0):
 PSYoungGen      total 38400K, used 3664K [0x00000000d5f80000, 0x00000000d8a00000, 0x0000000100000000)
  eden space 33280K, 0% used [0x00000000d5f80000,0x00000000d5f80000,0x00000000d8000000)
  from space 5120K, 71% used [0x00000000d8500000,0x00000000d8894030,0x00000000d8a00000)
  to   space 5120K, 0% used [0x00000000d8000000,0x00000000d8000000,0x00000000d8500000)
 ParOldGen       total 87552K, used 14197K [0x0000000081e00000, 0x0000000087380000, 0x00000000d5f80000)
  object space 87552K, 16% used [0x0000000081e00000,0x0000000082bdd750,0x0000000087380000)
 Metaspace       used 20111K, capacity 21263K, committed 21296K, reserved 1067008K
  class space    used 2912K, capacity 3167K, committed 3200K, reserved 1048576K
}
Event: 1.267 GC heap before
{Heap before GC invocations=3 (full 1):
 PSYoungGen      total 38400K, used 3664K [0x00000000d5f80000, 0x00000000d8a00000, 0x0000000100000000)
  eden space 33280K, 0% used [0x00000000d5f80000,0x00000000d5f80000,0x00000000d8000000)
  from space 5120K, 71% used [0x00000000d8500000,0x00000000d8894030,0x00000000d8a00000)
  to   space 5120K, 0% used [0x00000000d8000000,0x00000000d8000000,0x00000000d8500000)
 ParOldGen       total 87552K, used 14197K [0x0000000081e00000, 0x0000000087380000, 0x00000000d5f80000)
  object space 87552K, 16% used [0x0000000081e00000,0x0000000082bdd750,0x0000000087380000)
 Metaspace       used 20111K, capacity 21263K, committed 21296K, reserved 1067008K
  class space    used 2912K, capacity 3167K, committed 3200K, reserved 1048576K
Event: 1.308 GC heap after
Heap after GC invocations=3 (full 1):
 PSYoungGen      total 38400K, used 0K [0x00000000d5f80000, 0x00000000d8a00000, 0x0000000100000000)
  eden space 33280K, 0% used [0x00000000d5f80000,0x00000000d5f80000,0x00000000d8000000)
  from space 5120K, 0% used [0x00000000d8500000,0x00000000d8500000,0x00000000d8a00000)
  to   space 5120K, 0% used [0x00000000d8000000,0x00000000d8000000,0x00000000d8500000)
 ParOldGen       total 89088K, used 17132K [0x0000000081e00000, 0x0000000087500000, 0x00000000d5f80000)
  object space 89088K, 19% used [0x0000000081e00000,0x0000000082ebb208,0x0000000087500000)
 Metaspace       used 20111K, capacity 21263K, committed 21296K, reserved 1067008K
  class space    used 2912K, capacity 3167K, committed 3200K, reserved 1048576K
}

